<?xml version="1.0" encoding="UTF-8"?>
<!-- Generated by org.testng.reporters.JUnitReportReporter -->
<testsuite hostname="Vivek-Page" failures="0" tests="1" name="Testcases.LoginTest" time="11.672" errors="0" timestamp="23 Apr 2023 07:46:48 GMT" skipped="0">
  <testcase classname="Testcases.LoginTest" name="test1" time="11.672"/>
</testsuite> <!-- Testcases.LoginTest -->
